<?xml version="1.0" encoding="UTF-8"?>
<!-- Generated by org.testng.reporters.JUnitXMLReporter -->
<testsuite hostname="IB-SEZ-LAP-378" ignored="0" name="Yukti Test Automation" tests="3" failures="1" timestamp="22 May 2019 09:13:10 GMT" time="35.375" errors="0">
  <testcase name="loginPageTitleTest" time="0.022" classname="testcases.LoginPageTest"/>
  <testcase name="crmLogoImageTest" time="20.1" classname="testcases.LoginPageTest">
    <failure type="java.lang.Error" message="Unresolved compilation problem: 
	FileUtils cannot be resolved
">
      <![CDATA[java.lang.Error: Unresolved compilation problem: 
FileUtils cannot be resolved

at util.TestUtil.takeScreenshotAtEndOfTest(TestUtil.java:65)
at util.WebEventListener.onException(WebEventListener.java:68)
at org.openqa.selenium.support.events.EventFiringWebDriver.lambda$new$0(EventFiringWebDriver.java:84)
at com.sun.proxy.$Proxy6.onException(Unknown Source)
at org.openqa.selenium.support.events.EventFiringWebDriver.lambda$new$1(EventFiringWebDriver.java:107)
at com.sun.proxy.$Proxy7.findElement(Unknown Source)
at org.openqa.selenium.support.events.EventFiringWebDriver.findElement(EventFiringWebDriver.java:194)
at org.openqa.selenium.support.pagefactory.DefaultElementLocator.findElement(DefaultElementLocator.java:69)
at org.openqa.selenium.support.pagefactory.internal.LocatingElementHandler.invoke(LocatingElementHandler.java:38)
at com.sun.proxy.$Proxy11.isDisplayed(Unknown Source)
at pages.LoginPage.validateCRMImage(LoginPage.java:42)
at testcases.LoginPageTest.crmLogoImageTest(LoginPageTest.java:33)
... Removed 29 stack frames]]>
    </failure>
  </testcase> <!-- crmLogoImageTest -->
  <testcase name="loginTest" time="0.002" classname="testcases.LoginPageTest"/>
</testsuite> <!-- Yukti Test Automation -->
